\o Program:		@(#)$CDS: libManager version 6.1.8 - CAT37 06/02/2021 23:23 (sjfdcl1073) $
\o Sub version:		sub-version  s195 
\o Arguments:		-unmapped -mpssession virtuoso724848 -mpshost lab2-5.eng.utah.edu 
\o Working Directory:	lab2-5.eng.utah.edu:/home/u0666767/ECE6720_F21
\o 64-bit offsets
\o Qt version: 		5.9.1
\o changeWorkingDir("/home/u0666767/ECE6720_F21") unnecessary.
\o ddSetForcedLib("") unnecessary.
\o Log file is "/home/u0666767/ECE6720_F21/libManager.log".
\o Opening libManager window.
\a nrSetWindowVisibility(cdsLibManager "show")
\o MPS service: map window
\o Library Manager customization server connected.
\a nrSetCurrentWindow(cdsLibManager)
\a nrResizeWindow(cdsLibManager list(374 28 894 797))
\a cdsLibManager->libListBox->value = "MyOwnECE6720"
\a cdsLibManager->libLineEdit->value = "MyOwnECE6720"
\a cdsLibManager->cellListBox->value = "HW10"
\a cdsLibManager->cellLineEdit->value = "HW10"
\a cdsLibManager->cellLineEdit->value = ""
\a cdsLibManager->cellListBox->value = nil
\a cdsLibManager->cellListBox->value = "HW10"
\a cdsLibManager->cellLineEdit->value = "HW10"
\o MPS request: edit design
\a nrListItemAction(cdsLibManager->cellListBox 3 0)
\a cdsLibManager->libListBox->value = nil
\a cdsLibManager->libLineEdit->value = ""
\a cdsLibManager->cellLineEdit->value = ""
\a cdsLibManager->cellListBox->value = nil
\a cdsLibManager->libListBox->value = "MyOwnECE6720"
\a cdsLibManager->libLineEdit->value = "MyOwnECE6720"
\a cdsLibManager->cellListBox->value = "HW10"
\a cdsLibManager->cellLineEdit->value = "HW10"
\a nrSetCurrentWindow(cdsLibManager)
\a cdsLibManager->libListBox->value = nil
\a cdsLibManager->libLineEdit->value = ""
\a cdsLibManager->cellListBox->value = nil
\a cdsLibManager->cellLineEdit->value = ""
\a cdsLibManager->libListBox->value = "MyOwnECE6720"
\a cdsLibManager->libLineEdit->value = "MyOwnECE6720"
\a cdsLibManager->cellListBox->value = "HW10"
\a cdsLibManager->cellLineEdit->value = "HW10"
\a nrSetCurrentWindow(cdsLibManager)
\a cdsLibManager->cellListBox->value = "diffpair"
\a cdsLibManager->cellLineEdit->value = "diffpair"
\a cdsLibManager->viewListBox->value = "schematic"
\a cdsLibManager->viewLineEdit->value = "schematic"
\a cdsLibManager->cellLineEdit->value = ""
\a cdsLibManager->cellListBox->value = nil
\a cdsLibManager->viewLineEdit->value = ""
\a cdsLibManager->viewListBox->value = nil
\a cdsLibManager->cellListBox->value = "diffpair"
\a cdsLibManager->cellLineEdit->value = "diffpair"
\a cdsLibManager->viewListBox->value = "schematic"
\a cdsLibManager->viewLineEdit->value = "schematic"
\a cdsLibManager->viewLineEdit->value = ""
\a cdsLibManager->viewListBox->value = nil
\o MPS request: edit design
\a nrListItemAction(cdsLibManager->cellListBox 5 0)
\a cdsLibManager->libListBox->value = nil
\a cdsLibManager->libLineEdit->value = ""
\a cdsLibManager->cellLineEdit->value = ""
\a cdsLibManager->cellListBox->value = nil
\a cdsLibManager->libListBox->value = "MyOwnECE6720"
\a cdsLibManager->libLineEdit->value = "MyOwnECE6720"
\a cdsLibManager->cellListBox->value = "diffpair"
\a cdsLibManager->cellLineEdit->value = "diffpair"
\a cdsLibManager->viewListBox->value = "schematic"
\a cdsLibManager->viewLineEdit->value = "schematic"
\a cdsLibManager->viewLineEdit->value = ""
\a cdsLibManager->viewListBox->value = nil
\a cdsLibManager->viewListBox->value = "schematic"
\a cdsLibManager->viewLineEdit->value = "schematic"
\a nrSetCurrentWindow(cdsLibManager)
\a nrSetCurrentWindow(cdsLibManager)
\a cdsLibManager->libListBox->value = nil
\a cdsLibManager->libLineEdit->value = ""
\a cdsLibManager->cellListBox->value = nil
\a cdsLibManager->viewLineEdit->value = ""
\a cdsLibManager->viewListBox->value = nil
\a cdsLibManager->cellLineEdit->value = ""
\a cdsLibManager->libListBox->value = "MyOwnECE6720"
\a cdsLibManager->libLineEdit->value = "MyOwnECE6720"
\a cdsLibManager->cellListBox->value = "diffpair"
\a cdsLibManager->cellLineEdit->value = "diffpair"
\a cdsLibManager->viewListBox->value = "schematic"
\a cdsLibManager->viewLineEdit->value = "schematic"
\a cdsLibManager->viewLineEdit->value = ""
\a cdsLibManager->viewListBox->value = nil
\a cdsLibManager->viewListBox->value = "schematic"
\a cdsLibManager->viewLineEdit->value = "schematic"
\a nrSetCurrentWindow(cdsLibManager)
\a nrSetCurrentWindow(cdsLibManager)
\a nrSetCurrentWindow(cdsLibManager)
\a nrSetCurrentWindow(cdsLibManager)
\a cdsLibManager->cellListBox->value = "HW10"
\a cdsLibManager->cellLineEdit->value = "HW10"
\a cdsLibManager->viewLineEdit->value = ""
\a cdsLibManager->viewListBox->value = nil
\a cdsLibManager->viewListBox->value = "schematic"
\a cdsLibManager->viewLineEdit->value = "schematic"
\a cdsLibManager->viewLineEdit->value = ""
\a cdsLibManager->viewListBox->value = nil
\o MPS request: edit design
\a nrListItemAction(cdsLibManager->cellListBox 3 0)
\a cdsLibManager->libListBox->value = nil
\a cdsLibManager->libLineEdit->value = ""
\a cdsLibManager->cellLineEdit->value = ""
\a cdsLibManager->cellListBox->value = nil
\a cdsLibManager->libListBox->value = "MyOwnECE6720"
\a cdsLibManager->libLineEdit->value = "MyOwnECE6720"
\a cdsLibManager->cellListBox->value = "HW10"
\a cdsLibManager->cellLineEdit->value = "HW10"
\a cdsLibManager->viewListBox->value = "schematic"
\a cdsLibManager->viewLineEdit->value = "schematic"
\a cdsLibManager->viewLineEdit->value = ""
\a cdsLibManager->viewListBox->value = nil
\a cdsLibManager->viewListBox->value = "schematic"
\a cdsLibManager->viewLineEdit->value = "schematic"
\a nrSetCurrentWindow(cdsLibManager)
